2013/05/04 11:55:08 [error] [system.db.CDbCommand] CDbCommand::fetchAll() failed: SQLSTATE[42S02]: Base table or view not found: 1146 Table 'backend.form' doesn't exist. The SQL statement executed was: SHOW FULL COLUMNS FROM `form`.
in /home/garry/Projek/manhattan/backend/protected/views/form/index.php (2)
in /home/garry/Projek/manhattan/backend/protected/controllers/FormController.php (7)
in /home/garry/Projek/manhattan/backend/index.php (13)
2013/05/04 11:55:08 [error] [exception.CDbException] exception 'CDbException' with message 'The table "form" for active record class "Form" cannot be found in the database.' in /home/garry/Projek/manhattan/framework/db/ar/CActiveRecord.php:2310
Stack trace:
#0 /home/garry/Projek/manhattan/framework/db/ar/CActiveRecord.php(387): CActiveRecordMetaData->__construct(Object(Form))
#1 /home/garry/Projek/manhattan/framework/db/ar/CActiveRecord.php(402): CActiveRecord::model('Form')
#2 /home/garry/Projek/manhattan/framework/db/ar/CActiveRecord.php(77): CActiveRecord->getMetaData()
#3 /home/garry/Projek/manhattan/backend/protected/views/form/index.php(2): CActiveRecord->__construct()
#4 /home/garry/Projek/manhattan/framework/web/CBaseController.php(126): require('/home/garry/Pro...')
#5 /home/garry/Projek/manhattan/framework/web/CBaseController.php(95): CBaseController->renderInternal('/home/garry/Pro...', NULL, true)
#6 /home/garry/Projek/manhattan/framework/web/CController.php(869): CBaseController->renderFile('/home/garry/Pro...', NULL, true)
#7 /home/garry/Projek/manhattan/framework/web/CController.php(782): CController->renderPartial('index', NULL, true)
#8 /home/garry/Projek/manhattan/backend/protected/controllers/FormController.php(7): CController->render('index')
#9 /home/garry/Projek/manhattan/framework/web/actions/CInlineAction.php(49): FormController->actionIndex()
#10 /home/garry/Projek/manhattan/framework/web/CController.php(308): CInlineAction->runWithParams(Array)
#11 /home/garry/Projek/manhattan/framework/web/CController.php(286): CController->runAction(Object(CInlineAction))
#12 /home/garry/Projek/manhattan/framework/web/CController.php(265): CController->runActionWithFilters(Object(CInlineAction), Array)
#13 /home/garry/Projek/manhattan/framework/web/CWebApplication.php(282): CController->run('')
#14 /home/garry/Projek/manhattan/framework/web/CWebApplication.php(141): CWebApplication->runController('form')
#15 /home/garry/Projek/manhattan/framework/base/CApplication.php(169): CWebApplication->processRequest()
#16 /home/garry/Projek/manhattan/backend/index.php(13): CApplication->run()
#17 {main}
REQUEST_URI=/manhattan/backend/?r=form
---
2013/05/04 12:05:37 [error] [php] include(Form.php) [<a href='function.include'>function.include</a>]: failed to open stream: No such file or directory (/home/garry/Projek/manhattan/framework/YiiBase.php:421)
Stack trace:
#0 /home/garry/Projek/manhattan/backend/protected/views/form/index.php(2): spl_autoload_call()
#1 /home/garry/Projek/manhattan/framework/web/CBaseController.php(126): require()
#2 /home/garry/Projek/manhattan/framework/web/CBaseController.php(95): FormController->renderInternal()
#3 /home/garry/Projek/manhattan/framework/web/CController.php(869): FormController->renderFile()
#4 /home/garry/Projek/manhattan/framework/web/CController.php(782): FormController->renderPartial()
#5 /home/garry/Projek/manhattan/backend/protected/controllers/FormController.php(7): FormController->render()
#6 /home/garry/Projek/manhattan/framework/web/actions/CInlineAction.php(49): FormController->actionIndex()
#7 /home/garry/Projek/manhattan/framework/web/CController.php(308): CInlineAction->runWithParams()
#8 /home/garry/Projek/manhattan/framework/web/CController.php(286): FormController->runAction()
#9 /home/garry/Projek/manhattan/framework/web/CController.php(265): FormController->runActionWithFilters()
#10 /home/garry/Projek/manhattan/framework/web/CWebApplication.php(282): FormController->run()
#11 /home/garry/Projek/manhattan/framework/web/CWebApplication.php(141): CWebApplication->runController()
#12 /home/garry/Projek/manhattan/framework/base/CApplication.php(169): CWebApplication->processRequest()
#13 /home/garry/Projek/manhattan/backend/index.php(13): CWebApplication->run()
REQUEST_URI=/manhattan/backend/?r=form
in /home/garry/Projek/manhattan/backend/protected/views/form/index.php (2)
in /home/garry/Projek/manhattan/backend/protected/controllers/FormController.php (7)
in /home/garry/Projek/manhattan/backend/index.php (13)
2013/05/04 12:05:51 [error] [php] include(Form.php) [<a href='function.include'>function.include</a>]: failed to open stream: No such file or directory (/home/garry/Projek/manhattan/framework/YiiBase.php:421)
Stack trace:
#0 /home/garry/Projek/manhattan/backend/protected/views/form/index.php(4): spl_autoload_call()
#1 /home/garry/Projek/manhattan/framework/web/CBaseController.php(126): require()
#2 /home/garry/Projek/manhattan/framework/web/CBaseController.php(95): FormController->renderInternal()
#3 /home/garry/Projek/manhattan/framework/web/CController.php(869): FormController->renderFile()
#4 /home/garry/Projek/manhattan/framework/web/CController.php(782): FormController->renderPartial()
#5 /home/garry/Projek/manhattan/backend/protected/controllers/FormController.php(7): FormController->render()
#6 /home/garry/Projek/manhattan/framework/web/actions/CInlineAction.php(49): FormController->actionIndex()
#7 /home/garry/Projek/manhattan/framework/web/CController.php(308): CInlineAction->runWithParams()
#8 /home/garry/Projek/manhattan/framework/web/CController.php(286): FormController->runAction()
#9 /home/garry/Projek/manhattan/framework/web/CController.php(265): FormController->runActionWithFilters()
#10 /home/garry/Projek/manhattan/framework/web/CWebApplication.php(282): FormController->run()
#11 /home/garry/Projek/manhattan/framework/web/CWebApplication.php(141): CWebApplication->runController()
#12 /home/garry/Projek/manhattan/framework/base/CApplication.php(169): CWebApplication->processRequest()
#13 /home/garry/Projek/manhattan/backend/index.php(13): CWebApplication->run()
REQUEST_URI=/manhattan/backend/?r=form
in /home/garry/Projek/manhattan/backend/protected/views/form/index.php (4)
in /home/garry/Projek/manhattan/backend/protected/controllers/FormController.php (7)
in /home/garry/Projek/manhattan/backend/index.php (13)
2013/05/04 12:05:52 [error] [php] include(Form.php) [<a href='function.include'>function.include</a>]: failed to open stream: No such file or directory (/home/garry/Projek/manhattan/framework/YiiBase.php:421)
Stack trace:
#0 /home/garry/Projek/manhattan/backend/protected/views/form/index.php(4): spl_autoload_call()
#1 /home/garry/Projek/manhattan/framework/web/CBaseController.php(126): require()
#2 /home/garry/Projek/manhattan/framework/web/CBaseController.php(95): FormController->renderInternal()
#3 /home/garry/Projek/manhattan/framework/web/CController.php(869): FormController->renderFile()
#4 /home/garry/Projek/manhattan/framework/web/CController.php(782): FormController->renderPartial()
#5 /home/garry/Projek/manhattan/backend/protected/controllers/FormController.php(7): FormController->render()
#6 /home/garry/Projek/manhattan/framework/web/actions/CInlineAction.php(49): FormController->actionIndex()
#7 /home/garry/Projek/manhattan/framework/web/CController.php(308): CInlineAction->runWithParams()
#8 /home/garry/Projek/manhattan/framework/web/CController.php(286): FormController->runAction()
#9 /home/garry/Projek/manhattan/framework/web/CController.php(265): FormController->runActionWithFilters()
#10 /home/garry/Projek/manhattan/framework/web/CWebApplication.php(282): FormController->run()
#11 /home/garry/Projek/manhattan/framework/web/CWebApplication.php(141): CWebApplication->runController()
#12 /home/garry/Projek/manhattan/framework/base/CApplication.php(169): CWebApplication->processRequest()
#13 /home/garry/Projek/manhattan/backend/index.php(13): CWebApplication->run()
REQUEST_URI=/manhattan/backend/?r=form
in /home/garry/Projek/manhattan/backend/protected/views/form/index.php (4)
in /home/garry/Projek/manhattan/backend/protected/controllers/FormController.php (7)
in /home/garry/Projek/manhattan/backend/index.php (13)
2013/05/04 12:06:40 [error] [php] include(Column.php) [<a href='function.include'>function.include</a>]: failed to open stream: No such file or directory (/home/garry/Projek/manhattan/framework/YiiBase.php:421)
Stack trace:
#0 /home/garry/Projek/manhattan/backend/protected/models/CMS_Table.php(34): spl_autoload_call()
#1 /home/garry/Projek/manhattan/backend/protected/models/CMS_Table.php(47): CMS_Table->field()
#2 /home/garry/Projek/manhattan/backend/protected/views/form/index.php(4): CMS_Table->form()
#3 /home/garry/Projek/manhattan/framework/web/CBaseController.php(126): require()
#4 /home/garry/Projek/manhattan/framework/web/CBaseController.php(95): FormController->renderInternal()
#5 /home/garry/Projek/manhattan/framework/web/CController.php(869): FormController->renderFile()
#6 /home/garry/Projek/manhattan/framework/web/CController.php(782): FormController->renderPartial()
#7 /home/garry/Projek/manhattan/backend/protected/controllers/FormController.php(7): FormController->render()
#8 /home/garry/Projek/manhattan/framework/web/actions/CInlineAction.php(49): FormController->actionIndex()
#9 /home/garry/Projek/manhattan/framework/web/CController.php(308): CInlineAction->runWithParams()
#10 /home/garry/Projek/manhattan/framework/web/CController.php(286): FormController->runAction()
#11 /home/garry/Projek/manhattan/framework/web/CController.php(265): FormController->runActionWithFilters()
#12 /home/garry/Projek/manhattan/framework/web/CWebApplication.php(282): FormController->run()
#13 /home/garry/Projek/manhattan/framework/web/CWebApplication.php(141): CWebApplication->runController()
#14 /home/garry/Projek/manhattan/framework/base/CApplication.php(169): CWebApplication->processRequest()
#15 /home/garry/Projek/manhattan/backend/index.php(13): CWebApplication->run()
REQUEST_URI=/manhattan/backend/?r=form
in /home/garry/Projek/manhattan/backend/protected/models/CMS_Table.php (34)
in /home/garry/Projek/manhattan/backend/protected/models/CMS_Table.php (47)
in /home/garry/Projek/manhattan/backend/protected/views/form/index.php (4)
2013/05/04 12:06:55 [error] [php] include(Column.php) [<a href='function.include'>function.include</a>]: failed to open stream: No such file or directory (/home/garry/Projek/manhattan/framework/YiiBase.php:421)
Stack trace:
#0 /home/garry/Projek/manhattan/backend/protected/models/CMS_Table.php(34): spl_autoload_call()
#1 /home/garry/Projek/manhattan/backend/protected/models/CMS_Table.php(47): CMS_Table->field()
#2 /home/garry/Projek/manhattan/backend/protected/views/form/index.php(4): CMS_Table->form()
#3 /home/garry/Projek/manhattan/framework/web/CBaseController.php(126): require()
#4 /home/garry/Projek/manhattan/framework/web/CBaseController.php(95): FormController->renderInternal()
#5 /home/garry/Projek/manhattan/framework/web/CController.php(869): FormController->renderFile()
#6 /home/garry/Projek/manhattan/framework/web/CController.php(782): FormController->renderPartial()
#7 /home/garry/Projek/manhattan/backend/protected/controllers/FormController.php(7): FormController->render()
#8 /home/garry/Projek/manhattan/framework/web/actions/CInlineAction.php(49): FormController->actionIndex()
#9 /home/garry/Projek/manhattan/framework/web/CController.php(308): CInlineAction->runWithParams()
#10 /home/garry/Projek/manhattan/framework/web/CController.php(286): FormController->runAction()
#11 /home/garry/Projek/manhattan/framework/web/CController.php(265): FormController->runActionWithFilters()
#12 /home/garry/Projek/manhattan/framework/web/CWebApplication.php(282): FormController->run()
#13 /home/garry/Projek/manhattan/framework/web/CWebApplication.php(141): CWebApplication->runController()
#14 /home/garry/Projek/manhattan/framework/base/CApplication.php(169): CWebApplication->processRequest()
#15 /home/garry/Projek/manhattan/backend/index.php(13): CWebApplication->run()
REQUEST_URI=/manhattan/backend/?r=form
in /home/garry/Projek/manhattan/backend/protected/models/CMS_Table.php (34)
in /home/garry/Projek/manhattan/backend/protected/models/CMS_Table.php (47)
in /home/garry/Projek/manhattan/backend/protected/views/form/index.php (4)
2013/05/04 12:07:24 [error] [php] call_user_func() expects parameter 1 to be a valid callback, function 'textfield' not found or invalid function name (/home/garry/Projek/manhattan/backend/protected/models/CMS_Table.php:41)
Stack trace:
#0 /home/garry/Projek/manhattan/backend/protected/views/form/index.php(4): CMS_Table->form()
#1 /home/garry/Projek/manhattan/framework/web/CBaseController.php(126): require()
#2 /home/garry/Projek/manhattan/framework/web/CBaseController.php(95): FormController->renderInternal()
#3 /home/garry/Projek/manhattan/framework/web/CController.php(869): FormController->renderFile()
#4 /home/garry/Projek/manhattan/framework/web/CController.php(782): FormController->renderPartial()
#5 /home/garry/Projek/manhattan/backend/protected/controllers/FormController.php(7): FormController->render()
#6 /home/garry/Projek/manhattan/framework/web/actions/CInlineAction.php(49): FormController->actionIndex()
#7 /home/garry/Projek/manhattan/framework/web/CController.php(308): CInlineAction->runWithParams()
#8 /home/garry/Projek/manhattan/framework/web/CController.php(286): FormController->runAction()
#9 /home/garry/Projek/manhattan/framework/web/CController.php(265): FormController->runActionWithFilters()
#10 /home/garry/Projek/manhattan/framework/web/CWebApplication.php(282): FormController->run()
#11 /home/garry/Projek/manhattan/framework/web/CWebApplication.php(141): CWebApplication->runController()
#12 /home/garry/Projek/manhattan/framework/base/CApplication.php(169): CWebApplication->processRequest()
#13 /home/garry/Projek/manhattan/backend/index.php(13): CWebApplication->run()
REQUEST_URI=/manhattan/backend/?r=form
in /home/garry/Projek/manhattan/backend/protected/models/CMS_Table.php (41)
in /home/garry/Projek/manhattan/backend/protected/models/CMS_Table.php (47)
in /home/garry/Projek/manhattan/backend/protected/views/form/index.php (4)
2013/05/04 12:11:07 [error] [php] Missing argument 2 for CMS_Table::_textfield() (/home/garry/Projek/manhattan/backend/protected/models/CMS_Table.php:26)
Stack trace:
#0 /home/garry/Projek/manhattan/backend/protected/models/CMS_Table.php(47): CMS_Table->field()
#1 /home/garry/Projek/manhattan/backend/protected/views/form/index.php(4): CMS_Table->form()
#2 /home/garry/Projek/manhattan/framework/web/CBaseController.php(126): require()
#3 /home/garry/Projek/manhattan/framework/web/CBaseController.php(95): FormController->renderInternal()
#4 /home/garry/Projek/manhattan/framework/web/CController.php(869): FormController->renderFile()
#5 /home/garry/Projek/manhattan/framework/web/CController.php(782): FormController->renderPartial()
#6 /home/garry/Projek/manhattan/backend/protected/controllers/FormController.php(7): FormController->render()
#7 /home/garry/Projek/manhattan/framework/web/actions/CInlineAction.php(49): FormController->actionIndex()
#8 /home/garry/Projek/manhattan/framework/web/CController.php(308): CInlineAction->runWithParams()
#9 /home/garry/Projek/manhattan/framework/web/CController.php(286): FormController->runAction()
#10 /home/garry/Projek/manhattan/framework/web/CController.php(265): FormController->runActionWithFilters()
#11 /home/garry/Projek/manhattan/framework/web/CWebApplication.php(282): FormController->run()
#12 /home/garry/Projek/manhattan/framework/web/CWebApplication.php(141): CWebApplication->runController()
#13 /home/garry/Projek/manhattan/framework/base/CApplication.php(169): CWebApplication->processRequest()
#14 /home/garry/Projek/manhattan/backend/index.php(13): CWebApplication->run()
REQUEST_URI=/manhattan/backend/?r=form
in /home/garry/Projek/manhattan/backend/protected/models/CMS_Table.php (26)
in /home/garry/Projek/manhattan/backend/protected/models/CMS_Table.php (41)
in /home/garry/Projek/manhattan/backend/protected/models/CMS_Table.php (47)
2013/05/04 12:13:00 [error] [php] htmlspecialchars() expects parameter 1 to be string, array given (/home/garry/Projek/manhattan/framework/web/helpers/CHtml.php:98)
Stack trace:
#0 /home/garry/Projek/manhattan/framework/web/helpers/CHtml.php(153): renderAttributes()
#1 /home/garry/Projek/manhattan/framework/web/helpers/CHtml.php(1175): tag()
#2 /home/garry/Projek/manhattan/framework/web/helpers/CHtml.php(580): inputField()
#3 /home/garry/Projek/manhattan/backend/protected/models/CMS_Table.php(29): textField()
#4 unknown(0): CMS_Table->_textfield()
#5 /home/garry/Projek/manhattan/backend/protected/models/CMS_Table.php(43): call_user_func()
#6 /home/garry/Projek/manhattan/backend/protected/models/CMS_Table.php(49): CMS_Table->field()
#7 /home/garry/Projek/manhattan/backend/protected/views/form/index.php(4): CMS_Table->form()
#8 /home/garry/Projek/manhattan/framework/web/CBaseController.php(126): require()
#9 /home/garry/Projek/manhattan/framework/web/CBaseController.php(95): FormController->renderInternal()
#10 /home/garry/Projek/manhattan/framework/web/CController.php(869): FormController->renderFile()
#11 /home/garry/Projek/manhattan/framework/web/CController.php(782): FormController->renderPartial()
#12 /home/garry/Projek/manhattan/backend/protected/controllers/FormController.php(7): FormController->render()
#13 /home/garry/Projek/manhattan/framework/web/actions/CInlineAction.php(49): FormController->actionIndex()
#14 /home/garry/Projek/manhattan/framework/web/CController.php(308): CInlineAction->runWithParams()
#15 /home/garry/Projek/manhattan/framework/web/CController.php(286): FormController->runAction()
#16 /home/garry/Projek/manhattan/framework/web/CController.php(265): FormController->runActionWithFilters()
#17 /home/garry/Projek/manhattan/framework/web/CWebApplication.php(282): FormController->run()
#18 /home/garry/Projek/manhattan/framework/web/CWebApplication.php(141): CWebApplication->runController()
#19 /home/garry/Projek/manhattan/framework/base/CApplication.php(169): CWebApplication->processRequest()
#20 /home/garry/Projek/manhattan/backend/index.php(13): CWebApplication->run()
REQUEST_URI=/manhattan/backend/?r=form
in /home/garry/Projek/manhattan/backend/protected/models/CMS_Table.php (29)
in /home/garry/Projek/manhattan/backend/protected/models/CMS_Table.php (43)
in /home/garry/Projek/manhattan/backend/protected/models/CMS_Table.php (49)
2013/05/04 12:18:29 [error] [php] Undefined variable: methodName (/home/garry/Projek/manhattan/backend/protected/models/CMS_Table.php:20)
Stack trace:
#0 /home/garry/Projek/manhattan/backend/protected/views/form/index.php(4): CMS_Table->form()
#1 /home/garry/Projek/manhattan/framework/web/CBaseController.php(126): require()
#2 /home/garry/Projek/manhattan/framework/web/CBaseController.php(95): FormController->renderInternal()
#3 /home/garry/Projek/manhattan/framework/web/CController.php(869): FormController->renderFile()
#4 /home/garry/Projek/manhattan/framework/web/CController.php(782): FormController->renderPartial()
#5 /home/garry/Projek/manhattan/backend/protected/controllers/FormController.php(7): FormController->render()
#6 /home/garry/Projek/manhattan/framework/web/actions/CInlineAction.php(49): FormController->actionIndex()
#7 /home/garry/Projek/manhattan/framework/web/CController.php(308): CInlineAction->runWithParams()
#8 /home/garry/Projek/manhattan/framework/web/CController.php(286): FormController->runAction()
#9 /home/garry/Projek/manhattan/framework/web/CController.php(265): FormController->runActionWithFilters()
#10 /home/garry/Projek/manhattan/framework/web/CWebApplication.php(282): FormController->run()
#11 /home/garry/Projek/manhattan/framework/web/CWebApplication.php(141): CWebApplication->runController()
#12 /home/garry/Projek/manhattan/framework/base/CApplication.php(169): CWebApplication->processRequest()
#13 /home/garry/Projek/manhattan/backend/index.php(13): CWebApplication->run()
REQUEST_URI=/manhattan/backend/?r=form
in /home/garry/Projek/manhattan/backend/protected/models/CMS_Table.php (20)
in /home/garry/Projek/manhattan/backend/protected/models/CMS_Table.php (60)
in /home/garry/Projek/manhattan/backend/protected/models/CMS_Table.php (66)
2013/05/04 12:25:48 [error] [exception.CException] exception 'CException' with message 'Property "CMS_Table.table_id" is not defined.' in /home/garry/Projek/manhattan/framework/base/CComponent.php:173
Stack trace:
#0 /home/garry/Projek/manhattan/framework/db/ar/CActiveRecord.php(159): CComponent->__set('table_id', 1)
#1 /home/garry/Projek/manhattan/backend/protected/views/form/index.php(3): CActiveRecord->__set('table_id', 1)
#2 /home/garry/Projek/manhattan/framework/web/CBaseController.php(126): require('/home/garry/Pro...')
#3 /home/garry/Projek/manhattan/framework/web/CBaseController.php(95): CBaseController->renderInternal('/home/garry/Pro...', NULL, true)
#4 /home/garry/Projek/manhattan/framework/web/CController.php(869): CBaseController->renderFile('/home/garry/Pro...', NULL, true)
#5 /home/garry/Projek/manhattan/framework/web/CController.php(782): CController->renderPartial('index', NULL, true)
#6 /home/garry/Projek/manhattan/backend/protected/controllers/FormController.php(7): CController->render('index')
#7 /home/garry/Projek/manhattan/framework/web/actions/CInlineAction.php(49): FormController->actionIndex()
#8 /home/garry/Projek/manhattan/framework/web/CController.php(308): CInlineAction->runWithParams(Array)
#9 /home/garry/Projek/manhattan/framework/web/CController.php(286): CController->runAction(Object(CInlineAction))
#10 /home/garry/Projek/manhattan/framework/web/CController.php(265): CController->runActionWithFilters(Object(CInlineAction), Array)
#11 /home/garry/Projek/manhattan/framework/web/CWebApplication.php(282): CController->run('')
#12 /home/garry/Projek/manhattan/framework/web/CWebApplication.php(141): CWebApplication->runController('form')
#13 /home/garry/Projek/manhattan/framework/base/CApplication.php(169): CWebApplication->processRequest()
#14 /home/garry/Projek/manhattan/backend/index.php(13): CApplication->run()
#15 {main}
REQUEST_URI=/manhattan/backend/?r=form
---
2013/05/04 12:26:15 [error] [system.db.CDbCommand] CDbCommand::fetchAll() failed: SQLSTATE[42S22]: Column not found: 1054 Unknown column 'columns.table_id' in 'where clause'. The SQL statement executed was: SELECT `columns`.`id` AS `t1_c0`, `columns`.`name` AS `t1_c1`, `columns`.`label` AS `t1_c2`, `columns`.`visible` AS `t1_c3` FROM `_table` `columns`  WHERE (`columns`.`table_id`=:ypl0).
in /home/garry/Projek/manhattan/backend/protected/models/CMS_Table.php (23)
in /home/garry/Projek/manhattan/backend/protected/views/form/index.php (3)
in /home/garry/Projek/manhattan/backend/protected/controllers/FormController.php (7)
2013/05/04 12:26:15 [error] [exception.CDbException] exception 'CDbException' with message 'CDbCommand failed to execute the SQL statement: SQLSTATE[42S22]: Column not found: 1054 Unknown column 'columns.table_id' in 'where clause'. The SQL statement executed was: SELECT `columns`.`id` AS `t1_c0`, `columns`.`name` AS `t1_c1`, `columns`.`label` AS `t1_c2`, `columns`.`visible` AS `t1_c3` FROM `_table` `columns`  WHERE (`columns`.`table_id`=:ypl0)' in /home/garry/Projek/manhattan/framework/db/CDbCommand.php:541
Stack trace:
#0 /home/garry/Projek/manhattan/framework/db/CDbCommand.php(395): CDbCommand->queryInternal('fetchAll', Array, Array)
#1 /home/garry/Projek/manhattan/framework/db/ar/CActiveFinder.php(761): CDbCommand->queryAll()
#2 /home/garry/Projek/manhattan/framework/db/ar/CActiveFinder.php(489): CJoinElement->runQuery(Object(CJoinQuery))
#3 /home/garry/Projek/manhattan/framework/db/ar/CActiveFinder.php(163): CJoinElement->lazyFind(Object(CMS_Table))
#4 /home/garry/Projek/manhattan/framework/db/ar/CActiveRecord.php(272): CActiveFinder->lazyFind(Object(CMS_Table))
#5 /home/garry/Projek/manhattan/framework/db/ar/CActiveRecord.php(141): CActiveRecord->getRelated('columns')
#6 /home/garry/Projek/manhattan/backend/protected/models/CMS_Table.php(23): CActiveRecord->__get('columns')
#7 /home/garry/Projek/manhattan/backend/protected/views/form/index.php(3): CMS_Table->form()
#8 /home/garry/Projek/manhattan/framework/web/CBaseController.php(126): require('/home/garry/Pro...')
#9 /home/garry/Projek/manhattan/framework/web/CBaseController.php(95): CBaseController->renderInternal('/home/garry/Pro...', NULL, true)
#10 /home/garry/Projek/manhattan/framework/web/CController.php(869): CBaseController->renderFile('/home/garry/Pro...', NULL, true)
#11 /home/garry/Projek/manhattan/framework/web/CController.php(782): CController->renderPartial('index', NULL, true)
#12 /home/garry/Projek/manhattan/backend/protected/controllers/FormController.php(7): CController->render('index')
#13 /home/garry/Projek/manhattan/framework/web/actions/CInlineAction.php(49): FormController->actionIndex()
#14 /home/garry/Projek/manhattan/framework/web/CController.php(308): CInlineAction->runWithParams(Array)
#15 /home/garry/Projek/manhattan/framework/web/CController.php(286): CController->runAction(Object(CInlineAction))
#16 /home/garry/Projek/manhattan/framework/web/CController.php(265): CController->runActionWithFilters(Object(CInlineAction), Array)
#17 /home/garry/Projek/manhattan/framework/web/CWebApplication.php(282): CController->run('')
#18 /home/garry/Projek/manhattan/framework/web/CWebApplication.php(141): CWebApplication->runController('form')
#19 /home/garry/Projek/manhattan/framework/base/CApplication.php(169): CWebApplication->processRequest()
#20 /home/garry/Projek/manhattan/backend/index.php(13): CApplication->run()
#21 {main}
REQUEST_URI=/manhattan/backend/?r=form
---
2013/05/04 12:27:24 [error] [exception.CException] exception 'CException' with message 'CMS_Column and its behaviors do not have a method or closure named "label".' in /home/garry/Projek/manhattan/framework/base/CComponent.php:265
Stack trace:
#0 /home/garry/Projek/manhattan/framework/db/ar/CActiveRecord.php(225): CComponent->__call('label', Array)
#1 /home/garry/Projek/manhattan/backend/protected/models/CMS_Table.php(25): CActiveRecord->__call('label', Array)
#2 /home/garry/Projek/manhattan/backend/protected/models/CMS_Table.php(25): CMS_Column->label()
#3 /home/garry/Projek/manhattan/backend/protected/views/form/index.php(3): CMS_Table->form()
#4 /home/garry/Projek/manhattan/framework/web/CBaseController.php(126): require('/home/garry/Pro...')
#5 /home/garry/Projek/manhattan/framework/web/CBaseController.php(95): CBaseController->renderInternal('/home/garry/Pro...', NULL, true)
#6 /home/garry/Projek/manhattan/framework/web/CController.php(869): CBaseController->renderFile('/home/garry/Pro...', NULL, true)
#7 /home/garry/Projek/manhattan/framework/web/CController.php(782): CController->renderPartial('index', NULL, true)
#8 /home/garry/Projek/manhattan/backend/protected/controllers/FormController.php(7): CController->render('index')
#9 /home/garry/Projek/manhattan/framework/web/actions/CInlineAction.php(49): FormController->actionIndex()
#10 /home/garry/Projek/manhattan/framework/web/CController.php(308): CInlineAction->runWithParams(Array)
#11 /home/garry/Projek/manhattan/framework/web/CController.php(286): CController->runAction(Object(CInlineAction))
#12 /home/garry/Projek/manhattan/framework/web/CController.php(265): CController->runActionWithFilters(Object(CInlineAction), Array)
#13 /home/garry/Projek/manhattan/framework/web/CWebApplication.php(282): CController->run('')
#14 /home/garry/Projek/manhattan/framework/web/CWebApplication.php(141): CWebApplication->runController('form')
#15 /home/garry/Projek/manhattan/framework/base/CApplication.php(169): CWebApplication->processRequest()
#16 /home/garry/Projek/manhattan/backend/index.php(13): CApplication->run()
#17 {main}
REQUEST_URI=/manhattan/backend/?r=form
---
2013/05/04 12:27:51 [error] [php] Undefined variable: model (/home/garry/Projek/manhattan/backend/protected/models/CMS_Column.php:39)
Stack trace:
#0 /home/garry/Projek/manhattan/backend/protected/models/CMS_Table.php(26): CMS_Column->field()
#1 /home/garry/Projek/manhattan/backend/protected/views/form/index.php(3): CMS_Table->form()
#2 /home/garry/Projek/manhattan/framework/web/CBaseController.php(126): require()
#3 /home/garry/Projek/manhattan/framework/web/CBaseController.php(95): FormController->renderInternal()
#4 /home/garry/Projek/manhattan/framework/web/CController.php(869): FormController->renderFile()
#5 /home/garry/Projek/manhattan/framework/web/CController.php(782): FormController->renderPartial()
#6 /home/garry/Projek/manhattan/backend/protected/controllers/FormController.php(7): FormController->render()
#7 /home/garry/Projek/manhattan/framework/web/actions/CInlineAction.php(49): FormController->actionIndex()
#8 /home/garry/Projek/manhattan/framework/web/CController.php(308): CInlineAction->runWithParams()
#9 /home/garry/Projek/manhattan/framework/web/CController.php(286): FormController->runAction()
#10 /home/garry/Projek/manhattan/framework/web/CController.php(265): FormController->runActionWithFilters()
#11 /home/garry/Projek/manhattan/framework/web/CWebApplication.php(282): FormController->run()
#12 /home/garry/Projek/manhattan/framework/web/CWebApplication.php(141): CWebApplication->runController()
#13 /home/garry/Projek/manhattan/framework/base/CApplication.php(169): CWebApplication->processRequest()
#14 /home/garry/Projek/manhattan/backend/index.php(13): CWebApplication->run()
REQUEST_URI=/manhattan/backend/?r=form
in /home/garry/Projek/manhattan/backend/protected/models/CMS_Column.php (39)
in /home/garry/Projek/manhattan/backend/protected/models/CMS_Column.php (50)
in /home/garry/Projek/manhattan/backend/protected/models/CMS_Table.php (26)
2013/05/04 12:28:08 [error] [php] Undefined variable: label (/home/garry/Projek/manhattan/backend/protected/models/CMS_Column.php:35)
Stack trace:
#0 /home/garry/Projek/manhattan/backend/protected/models/CMS_Table.php(26): CMS_Column->field()
#1 /home/garry/Projek/manhattan/backend/protected/views/form/index.php(3): CMS_Table->form()
#2 /home/garry/Projek/manhattan/framework/web/CBaseController.php(126): require()
#3 /home/garry/Projek/manhattan/framework/web/CBaseController.php(95): FormController->renderInternal()
#4 /home/garry/Projek/manhattan/framework/web/CController.php(869): FormController->renderFile()
#5 /home/garry/Projek/manhattan/framework/web/CController.php(782): FormController->renderPartial()
#6 /home/garry/Projek/manhattan/backend/protected/controllers/FormController.php(7): FormController->render()
#7 /home/garry/Projek/manhattan/framework/web/actions/CInlineAction.php(49): FormController->actionIndex()
#8 /home/garry/Projek/manhattan/framework/web/CController.php(308): CInlineAction->runWithParams()
#9 /home/garry/Projek/manhattan/framework/web/CController.php(286): FormController->runAction()
#10 /home/garry/Projek/manhattan/framework/web/CController.php(265): FormController->runActionWithFilters()
#11 /home/garry/Projek/manhattan/framework/web/CWebApplication.php(282): FormController->run()
#12 /home/garry/Projek/manhattan/framework/web/CWebApplication.php(141): CWebApplication->runController()
#13 /home/garry/Projek/manhattan/framework/base/CApplication.php(169): CWebApplication->processRequest()
#14 /home/garry/Projek/manhattan/backend/index.php(13): CWebApplication->run()
REQUEST_URI=/manhattan/backend/?r=form
in /home/garry/Projek/manhattan/backend/protected/models/CMS_Column.php (35)
in /home/garry/Projek/manhattan/backend/protected/models/CMS_Column.php (50)
in /home/garry/Projek/manhattan/backend/protected/models/CMS_Table.php (26)
2013/05/04 12:31:19 [error] [system.db.CDbCommand] CDbCommand::fetchAll() failed: SQLSTATE[42000]: Syntax error or access violation: 1064 You have an error in your SQL syntax; check the manual that corresponds to your MySQL server version for the right syntax to use near 'order ASC' at line 1. The SQL statement executed was: SELECT `columns`.`table_id` AS `t1_c0`, `columns`.`column` AS `t1_c1`, `columns`.`label` AS `t1_c2`, `columns`.`type` AS `t1_c3`, `columns`.`type_param` AS `t1_c4`, `columns`.`rules` AS `t1_c5`, `columns`.`default_value` AS `t1_c6`, `columns`.`order` AS `t1_c7`, `columns`.`visibility` AS `t1_c8` FROM `_column` `columns`  WHERE (`columns`.`table_id`=:ypl0) ORDER BY order ASC.
in /home/garry/Projek/manhattan/backend/protected/models/CMS_Table.php (23)
in /home/garry/Projek/manhattan/backend/protected/views/form/index.php (3)
in /home/garry/Projek/manhattan/backend/protected/controllers/FormController.php (7)
2013/05/04 12:31:19 [error] [exception.CDbException] exception 'CDbException' with message 'CDbCommand failed to execute the SQL statement: SQLSTATE[42000]: Syntax error or access violation: 1064 You have an error in your SQL syntax; check the manual that corresponds to your MySQL server version for the right syntax to use near 'order ASC' at line 1. The SQL statement executed was: SELECT `columns`.`table_id` AS `t1_c0`, `columns`.`column` AS `t1_c1`, `columns`.`label` AS `t1_c2`, `columns`.`type` AS `t1_c3`, `columns`.`type_param` AS `t1_c4`, `columns`.`rules` AS `t1_c5`, `columns`.`default_value` AS `t1_c6`, `columns`.`order` AS `t1_c7`, `columns`.`visibility` AS `t1_c8` FROM `_column` `columns`  WHERE (`columns`.`table_id`=:ypl0) ORDER BY order ASC' in /home/garry/Projek/manhattan/framework/db/CDbCommand.php:541
Stack trace:
#0 /home/garry/Projek/manhattan/framework/db/CDbCommand.php(395): CDbCommand->queryInternal('fetchAll', Array, Array)
#1 /home/garry/Projek/manhattan/framework/db/ar/CActiveFinder.php(761): CDbCommand->queryAll()
#2 /home/garry/Projek/manhattan/framework/db/ar/CActiveFinder.php(489): CJoinElement->runQuery(Object(CJoinQuery))
#3 /home/garry/Projek/manhattan/framework/db/ar/CActiveFinder.php(163): CJoinElement->lazyFind(Object(CMS_Table))
#4 /home/garry/Projek/manhattan/framework/db/ar/CActiveRecord.php(272): CActiveFinder->lazyFind(Object(CMS_Table))
#5 /home/garry/Projek/manhattan/framework/db/ar/CActiveRecord.php(141): CActiveRecord->getRelated('columns')
#6 /home/garry/Projek/manhattan/backend/protected/models/CMS_Table.php(23): CActiveRecord->__get('columns')
#7 /home/garry/Projek/manhattan/backend/protected/views/form/index.php(3): CMS_Table->form()
#8 /home/garry/Projek/manhattan/framework/web/CBaseController.php(126): require('/home/garry/Pro...')
#9 /home/garry/Projek/manhattan/framework/web/CBaseController.php(95): CBaseController->renderInternal('/home/garry/Pro...', NULL, true)
#10 /home/garry/Projek/manhattan/framework/web/CController.php(869): CBaseController->renderFile('/home/garry/Pro...', NULL, true)
#11 /home/garry/Projek/manhattan/framework/web/CController.php(782): CController->renderPartial('index', NULL, true)
#12 /home/garry/Projek/manhattan/backend/protected/controllers/FormController.php(7): CController->render('index')
#13 /home/garry/Projek/manhattan/framework/web/actions/CInlineAction.php(49): FormController->actionIndex()
#14 /home/garry/Projek/manhattan/framework/web/CController.php(308): CInlineAction->runWithParams(Array)
#15 /home/garry/Projek/manhattan/framework/web/CController.php(286): CController->runAction(Object(CInlineAction))
#16 /home/garry/Projek/manhattan/framework/web/CController.php(265): CController->runActionWithFilters(Object(CInlineAction), Array)
#17 /home/garry/Projek/manhattan/framework/web/CWebApplication.php(282): CController->run('')
#18 /home/garry/Projek/manhattan/framework/web/CWebApplication.php(141): CWebApplication->runController('form')
#19 /home/garry/Projek/manhattan/framework/base/CApplication.php(169): CWebApplication->processRequest()
#20 /home/garry/Projek/manhattan/backend/index.php(13): CApplication->run()
#21 {main}
REQUEST_URI=/manhattan/backend/?r=form
---
